<?xml version="1.0" encoding="UTF-8"?>
<!-- Generated by org.testng.reporters.JUnitReportReporter -->
<testsuite hostname="Apples-MacBook-Pro.local" failures="0" tests="1" name="week5.day1.TestngSample" time="7.975" errors="0" timestamp="2024-05-24T23:40:15 IST" skipped="0">
  <testcase classname="week5.day1.TestngSample" name="loginPage" time="7.975"/>
  <system-out/>
</testsuite> <!-- week5.day1.TestngSample -->
