<?xml version="1.0" encoding="UTF-8"?>
<!-- Generated by org.testng.reporters.JUnitReportReporter -->
<testsuite hostname="Apples-MacBook-Pro.local" failures="0" tests="1" name="testcases.DuplicateLead" time="20.478" errors="0" timestamp="2024-05-25T12:11:18 IST" skipped="0">
  <testcase classname="testcases.DuplicateLead" name="runDuplicateLead" time="20.478"/>
  <system-out/>
</testsuite> <!-- testcases.DuplicateLead -->
