<?xml version="1.0" encoding="UTF-8"?>
<!-- Generated by org.testng.reporters.JUnitReportReporter -->
<testsuite hostname="Apples-MacBook-Pro.local" failures="0" tests="2" name="week5.day2.LearnDataProvider" time="28.046" errors="0" timestamp="2024-05-26T22:54:20 IST" skipped="0">
  <testcase classname="week5.day2.LearnDataProvider" name="runcreateLead" time="14.891"/>
  <system-out/>
  <testcase classname="week5.day2.LearnDataProvider" name="runcreateLead" time="13.155"/>
  <system-out/>
</testsuite> <!-- week5.day2.LearnDataProvider -->
