<?xml version="1.0" encoding="UTF-8"?>
<!-- Generated by org.testng.reporters.JUnitReportReporter -->
<testsuite hostname="Apples-MacBook-Pro.local" failures="0" tests="1" name="testcases.DeleteLead" time="16.479" errors="0" timestamp="2024-05-25T12:11:18 IST" skipped="0">
  <testcase classname="testcases.DeleteLead" name="runDeleteLead" time="16.479"/>
  <system-out/>
</testsuite> <!-- testcases.DeleteLead -->
