<?xml version="1.0" encoding="UTF-8"?>
<!-- Generated by org.testng.reporters.JUnitReportReporter -->
<testsuite hostname="Apples-MacBook-Pro.local" failures="0" tests="3" name="week5.day2.Attributes" time="23.787" errors="0" timestamp="2024-05-26T10:23:22 IST" skipped="1">
  <testcase classname="week5.day2.Attributes" name="createLead" time="13.715"/>
  <system-out/>
  <testcase classname="week5.day2.Attributes" name="deleteLead" time="10.072"/>
  <system-out/>
  <testcase classname="week5.day2.Attributes" name="updateLead">
    <skipped/>
  </testcase> <!-- updateLead -->
  <system-out/>
</testsuite> <!-- week5.day2.Attributes -->
