<?xml version="1.0" encoding="UTF-8"?>
<!-- Generated by org.testng.reporters.JUnitReportReporter -->
<testsuite hostname="Apples-MacBook-Pro.local" failures="0" tests="1" name="week5.day2.ParameterCreateLead" time="14.021" errors="0" timestamp="2024-05-26T22:19:26 IST" skipped="0">
  <testcase classname="week5.day2.ParameterCreateLead" name="Create" time="14.021"/>
  <system-out/>
</testsuite> <!-- week5.day2.ParameterCreateLead -->
