<?xml version="1.0" encoding="UTF-8"?>
<!-- Generated by org.testng.reporters.JUnitReportReporter -->
<testsuite hostname="Apples-MacBook-Pro.local" failures="0" tests="2" name="week5.day2.W3Schools" time="176.063" errors="0" timestamp="2024-05-29T13:21:32 IST" skipped="0">
  <testcase classname="week5.day2.W3Schools" name="addElements" time="88.504"/>
  <system-out/>
  <testcase classname="week5.day2.W3Schools" name="addElements" time="87.559"/>
  <system-out/>
</testsuite> <!-- week5.day2.W3Schools -->
